# Logfile created on 2013-10-17 22:39:19 +0200 by logger.rb/36483
D, [2013-10-17T22:39:19.822861 #6469] DEBUG -- : REQUESTING PAGE: GET / with {} and HTTP headers {}
D, [2013-10-17T23:24:37.002933 #7651] DEBUG -- : REQUESTING PAGE: GET / with {} and HTTP headers {}
D, [2013-10-24T19:40:56.864942 #3607] DEBUG -- : REQUESTING PAGE: GET / with {} and HTTP headers {}
D, [2013-11-14T16:29:31.830959 #12135] DEBUG -- : REQUESTING PAGE: GET / with {} and HTTP headers {}
D, [2013-11-14T16:31:20.404763 #14461] DEBUG -- : REQUESTING PAGE: GET / with {} and HTTP headers {}
D, [2013-11-14T16:34:11.065491 #18045] DEBUG -- : REQUESTING PAGE: GET / with {} and HTTP headers {}
D, [2013-11-14T16:35:51.484150 #20192] DEBUG -- : REQUESTING PAGE: GET / with {} and HTTP headers {}
D, [2013-11-14T16:36:15.317640 #20692] DEBUG -- : REQUESTING PAGE: GET / with {} and HTTP headers {}
D, [2013-11-14T16:37:45.707715 #22599] DEBUG -- : REQUESTING PAGE: GET / with {} and HTTP headers {}
D, [2013-11-14T16:43:56.894059 #30554] DEBUG -- : REQUESTING PAGE: GET / with {} and HTTP headers {}
D, [2013-11-14T16:46:39.756678 #1558] DEBUG -- : REQUESTING PAGE: GET / with {} and HTTP headers {}
D, [2013-11-14T16:49:14.151316 #4994] DEBUG -- : REQUESTING PAGE: GET / with {} and HTTP headers {}
D, [2013-11-14T16:55:34.956156 #13244] DEBUG -- : REQUESTING PAGE: GET / with {} and HTTP headers {}
D, [2013-11-14T16:56:54.952364 #14929] DEBUG -- : REQUESTING PAGE: GET / with {} and HTTP headers {}
D, [2013-11-14T17:10:12.781281 #31586] DEBUG -- : REQUESTING PAGE: GET / with {} and HTTP headers {}
D, [2013-11-14T17:13:33.948692 #3548] DEBUG -- : REQUESTING PAGE: GET / with {} and HTTP headers {}
D, [2013-11-14T17:13:49.803187 #3877] DEBUG -- : REQUESTING PAGE: GET / with {} and HTTP headers {}
D, [2013-11-14T17:15:27.383566 #5918] DEBUG -- : REQUESTING PAGE: GET / with {} and HTTP headers {}
D, [2013-11-14T17:16:40.110196 #7586] DEBUG -- : REQUESTING PAGE: GET / with {} and HTTP headers {}
D, [2013-11-14T17:17:12.091913 #8272] DEBUG -- : REQUESTING PAGE: GET / with {} and HTTP headers {}
D, [2013-11-14T17:17:57.008003 #9213] DEBUG -- : REQUESTING PAGE: GET / with {} and HTTP headers {}
D, [2013-11-14T17:18:51.307486 #10356] DEBUG -- : REQUESTING PAGE: GET / with {} and HTTP headers {}
D, [2013-11-14T17:23:22.381733 #16059] DEBUG -- : REQUESTING PAGE: GET / with {} and HTTP headers {}
D, [2013-11-14T17:25:03.569880 #18174] DEBUG -- : REQUESTING PAGE: GET / with {} and HTTP headers {}
D, [2013-11-14T17:25:15.670023 #18418] DEBUG -- : REQUESTING PAGE: GET / with {} and HTTP headers {}
D, [2013-11-14T17:32:45.913026 #27746] DEBUG -- : REQUESTING PAGE: GET / with {} and HTTP headers {}
D, [2013-11-14T19:13:01.700474 #23560] DEBUG -- : REQUESTING PAGE: GET / with {} and HTTP headers {}
D, [2013-11-15T10:19:52.955742 #5604] DEBUG -- : REQUESTING PAGE: GET / with {} and HTTP headers {}
D, [2013-11-15T10:30:38.375747 #6157] DEBUG -- : REQUESTING PAGE: GET / with {} and HTTP headers {}
D, [2013-11-15T10:33:33.025743 #6194] DEBUG -- : REQUESTING PAGE: GET / with {} and HTTP headers {}
D, [2013-11-15T10:35:40.310396 #6244] DEBUG -- : REQUESTING PAGE: GET / with {} and HTTP headers {}
D, [2013-11-15T10:43:28.103766 #6422] DEBUG -- : REQUESTING PAGE: GET / with {} and HTTP headers {}
D, [2013-11-15T10:48:07.773114 #6506] DEBUG -- : REQUESTING PAGE: GET / with {} and HTTP headers {}
D, [2013-11-15T10:50:05.611748 #6543] DEBUG -- : REQUESTING PAGE: GET / with {} and HTTP headers {}
D, [2013-11-15T11:03:13.852938 #7019] DEBUG -- : REQUESTING PAGE: GET / with {} and HTTP headers {}
D, [2013-11-15T11:03:57.654308 #7033] DEBUG -- : REQUESTING PAGE: GET / with {} and HTTP headers {}
D, [2013-11-16T10:26:12.481891 #3734] DEBUG -- : REQUESTING PAGE: GET / with {} and HTTP headers {}
D, [2013-11-16T10:27:11.182460 #3750] DEBUG -- : REQUESTING PAGE: GET / with {} and HTTP headers {}
D, [2013-11-16T10:58:28.632309 #4874] DEBUG -- : REQUESTING PAGE: GET / with {} and HTTP headers {}
D, [2013-11-16T11:00:33.987484 #4901] DEBUG -- : REQUESTING PAGE: GET / with {} and HTTP headers {}
D, [2013-11-16T11:19:16.297634 #5088] DEBUG -- : REQUESTING PAGE: GET / with {} and HTTP headers {}
D, [2013-11-16T11:22:13.158627 #5183] DEBUG -- : REQUESTING PAGE: GET / with {} and HTTP headers {}
D, [2013-11-16T11:23:43.373454 #5198] DEBUG -- : REQUESTING PAGE: GET / with {} and HTTP headers {}
D, [2013-11-16T13:18:08.959308 #6283] DEBUG -- : REQUESTING PAGE: GET / with {} and HTTP headers {}
D, [2013-11-16T13:19:21.709592 #6299] DEBUG -- : REQUESTING PAGE: GET / with {} and HTTP headers {}
D, [2013-11-16T13:23:33.535404 #6341] DEBUG -- : REQUESTING PAGE: GET / with {} and HTTP headers {}
D, [2013-11-16T13:32:38.974608 #6459] DEBUG -- : REQUESTING PAGE: GET / with {} and HTTP headers {}
D, [2013-11-16T13:33:21.004464 #6466] DEBUG -- : REQUESTING PAGE: GET / with {} and HTTP headers {}
D, [2013-11-16T13:33:37.819647 #6469] DEBUG -- : REQUESTING PAGE: GET / with {} and HTTP headers {}
D, [2013-11-16T13:38:33.242298 #6533] DEBUG -- : REQUESTING PAGE: GET / with {} and HTTP headers {}
D, [2013-11-16T13:41:13.957175 #6593] DEBUG -- : REQUESTING PAGE: GET / with {} and HTTP headers {}
D, [2013-11-16T13:46:55.744895 #6825] DEBUG -- : REQUESTING PAGE: GET / with {} and HTTP headers {}
D, [2013-11-16T20:55:19.640761 #4081] DEBUG -- : REQUESTING PAGE: GET / with {} and HTTP headers {}
D, [2013-11-16T20:56:22.323141 #4097] DEBUG -- : REQUESTING PAGE: GET / with {} and HTTP headers {}
D, [2013-11-16T21:01:31.368614 #4169] DEBUG -- : REQUESTING PAGE: GET / with {} and HTTP headers {}
D, [2013-11-16T21:01:58.431181 #4176] DEBUG -- : REQUESTING PAGE: GET / with {} and HTTP headers {}
D, [2013-11-16T21:02:42.817285 #4181] DEBUG -- : REQUESTING PAGE: GET / with {} and HTTP headers {}
D, [2013-11-16T21:03:12.585122 #4186] DEBUG -- : REQUESTING PAGE: GET / with {} and HTTP headers {}
D, [2013-11-16T21:06:07.704268 #4224] DEBUG -- : REQUESTING PAGE: GET / with {} and HTTP headers {}
D, [2013-11-16T21:11:04.886117 #4326] DEBUG -- : REQUESTING PAGE: GET / with {} and HTTP headers {}
D, [2013-11-16T21:12:38.625435 #4358] DEBUG -- : REQUESTING PAGE: GET / with {} and HTTP headers {}
D, [2013-11-16T21:16:18.413411 #4399] DEBUG -- : REQUESTING PAGE: GET / with {} and HTTP headers {}
D, [2013-11-16T21:23:37.338859 #4533] DEBUG -- : REQUESTING PAGE: GET / with {} and HTTP headers {}
D, [2013-11-16T21:27:15.914430 #4592] DEBUG -- : REQUESTING PAGE: GET / with {} and HTTP headers {}
D, [2013-11-16T21:29:19.176722 #4621] DEBUG -- : REQUESTING PAGE: GET / with {} and HTTP headers {}
D, [2013-11-16T21:47:00.937942 #4945] DEBUG -- : REQUESTING PAGE: GET / with {} and HTTP headers {}
D, [2013-11-16T21:47:39.696840 #4952] DEBUG -- : REQUESTING PAGE: GET / with {} and HTTP headers {}
D, [2013-11-16T21:48:22.992605 #4958] DEBUG -- : REQUESTING PAGE: GET / with {} and HTTP headers {}
D, [2013-11-16T21:50:35.576759 #4998] DEBUG -- : REQUESTING PAGE: GET / with {} and HTTP headers {}
D, [2013-11-16T21:51:06.176630 #5004] DEBUG -- : REQUESTING PAGE: GET / with {} and HTTP headers {}
D, [2013-11-16T21:51:36.490594 #5016] DEBUG -- : REQUESTING PAGE: GET / with {} and HTTP headers {}
D, [2013-11-16T21:51:53.536459 #5018] DEBUG -- : REQUESTING PAGE: GET / with {} and HTTP headers {}
D, [2013-11-16T21:54:17.871514 #5097] DEBUG -- : REQUESTING PAGE: GET / with {} and HTTP headers {}
D, [2013-11-16T22:00:14.035531 #5291] DEBUG -- : REQUESTING PAGE: GET / with {} and HTTP headers {}
D, [2013-11-17T10:45:52.182869 #3880] DEBUG -- : REQUESTING PAGE: GET / with {} and HTTP headers {}
D, [2013-11-17T10:47:30.863200 #3901] DEBUG -- : REQUESTING PAGE: GET / with {} and HTTP headers {}
D, [2013-11-17T11:57:06.057540 #5036] DEBUG -- : REQUESTING PAGE: GET / with {} and HTTP headers {}
D, [2013-11-19T11:54:01.448623 #4660] DEBUG -- : REQUESTING PAGE: GET / with {} and HTTP headers {}
D, [2013-11-19T11:57:20.822920 #4703] DEBUG -- : REQUESTING PAGE: GET / with {} and HTTP headers {}
D, [2013-11-19T11:57:48.492205 #4705] DEBUG -- : REQUESTING PAGE: GET / with {} and HTTP headers {}
D, [2013-11-19T11:58:27.184283 #4715] DEBUG -- : REQUESTING PAGE: GET / with {} and HTTP headers {}
D, [2013-11-19T11:59:40.313529 #4753] DEBUG -- : REQUESTING PAGE: GET / with {} and HTTP headers {}
D, [2013-11-19T12:00:13.429468 #4764] DEBUG -- : REQUESTING PAGE: GET / with {} and HTTP headers {}
D, [2013-11-19T12:03:51.153401 #4824] DEBUG -- : REQUESTING PAGE: GET / with {} and HTTP headers {}
D, [2013-11-19T12:04:23.408410 #4836] DEBUG -- : REQUESTING PAGE: GET / with {} and HTTP headers {}
D, [2013-11-19T12:08:45.674916 #4963] DEBUG -- : REQUESTING PAGE: GET / with {} and HTTP headers {}
D, [2013-11-19T13:44:12.852296 #6263] DEBUG -- : REQUESTING PAGE: GET / with {} and HTTP headers {}
D, [2013-11-19T13:47:29.090779 #6312] DEBUG -- : REQUESTING PAGE: GET / with {} and HTTP headers {}
D, [2013-11-19T13:48:42.588869 #6332] DEBUG -- : REQUESTING PAGE: GET / with {} and HTTP headers {}
D, [2013-11-19T13:49:30.426535 #6344] DEBUG -- : REQUESTING PAGE: GET / with {} and HTTP headers {}
D, [2013-11-19T13:49:55.669919 #6351] DEBUG -- : REQUESTING PAGE: GET / with {} and HTTP headers {}
D, [2013-11-19T13:50:23.319215 #6361] DEBUG -- : REQUESTING PAGE: GET / with {} and HTTP headers {}
D, [2013-11-19T13:50:46.935068 #6368] DEBUG -- : REQUESTING PAGE: GET / with {} and HTTP headers {}
D, [2013-11-19T13:52:18.796962 #6382] DEBUG -- : REQUESTING PAGE: GET / with {} and HTTP headers {}
D, [2013-11-19T13:52:43.815229 #6390] DEBUG -- : REQUESTING PAGE: GET / with {} and HTTP headers {}
D, [2013-11-19T13:53:21.193153 #6399] DEBUG -- : REQUESTING PAGE: GET / with {} and HTTP headers {}
D, [2013-11-19T14:07:29.218312 #6602] DEBUG -- : REQUESTING PAGE: GET / with {} and HTTP headers {}
D, [2013-11-19T14:09:29.330935 #6631] DEBUG -- : REQUESTING PAGE: GET / with {} and HTTP headers {}
D, [2013-11-19T14:10:19.375392 #6645] DEBUG -- : REQUESTING PAGE: GET / with {} and HTTP headers {}
D, [2013-11-19T14:10:48.624865 #6650] DEBUG -- : REQUESTING PAGE: GET / with {} and HTTP headers {}
D, [2013-11-19T14:11:16.619275 #6656] DEBUG -- : REQUESTING PAGE: GET / with {} and HTTP headers {}
D, [2013-11-19T14:12:05.413950 #6670] DEBUG -- : REQUESTING PAGE: GET / with {} and HTTP headers {}
D, [2013-11-19T14:13:20.540457 #6686] DEBUG -- : REQUESTING PAGE: GET / with {} and HTTP headers {}
D, [2013-11-19T14:13:40.529334 #6694] DEBUG -- : REQUESTING PAGE: GET / with {} and HTTP headers {}
D, [2013-11-23T16:34:19.334841 #4854] DEBUG -- : REQUESTING PAGE: GET / with {} and HTTP headers {}
D, [2013-11-23T17:11:42.767229 #5167] DEBUG -- : REQUESTING PAGE: GET / with {} and HTTP headers {}
D, [2013-11-23T17:12:02.119163 #5170] DEBUG -- : REQUESTING PAGE: GET /signup with {} and HTTP headers {}
D, [2013-11-23T17:12:02.156580 #5170] DEBUG -- : REQUESTING PAGE: POST /users with {"utf8"=>"✓", "user"=>{"name"=>"", "email"=>"", "password"=>"", "password_confirmation"=>""}, "commit"=>"Sign up"} and HTTP headers {"HTTP_REFERER"=>"/signup"}
D, [2013-11-23T17:12:02.199479 #5170] DEBUG -- : REQUESTING PAGE: GET / with {} and HTTP headers {}
D, [2013-11-23T17:12:23.105325 #5176] DEBUG -- : REQUESTING PAGE: GET /signup with {} and HTTP headers {}
D, [2013-11-23T17:12:23.221446 #5176] DEBUG -- : REQUESTING PAGE: POST /users with {"utf8"=>"✓", "user"=>{"name"=>"", "email"=>"", "password"=>"", "password_confirmation"=>""}, "commit"=>"Sign up"} and HTTP headers {"HTTP_REFERER"=>"/signup"}
D, [2013-11-23T17:12:23.259329 #5176] DEBUG -- : REQUESTING PAGE: GET / with {} and HTTP headers {}
D, [2013-11-23T17:13:11.267421 #5184] DEBUG -- : REQUESTING PAGE: GET /signup with {} and HTTP headers {}
D, [2013-11-23T17:13:11.358737 #5184] DEBUG -- : REQUESTING PAGE: POST /users with {"utf8"=>"✓", "user"=>{"name"=>"", "email"=>"", "password"=>"", "password_confirmation"=>""}, "commit"=>"Sign up"} and HTTP headers {"HTTP_REFERER"=>"/signup"}
D, [2013-11-23T17:13:11.382625 #5184] DEBUG -- : REQUESTING PAGE: GET / with {} and HTTP headers {}
D, [2013-11-23T17:14:23.569591 #5204] DEBUG -- : REQUESTING PAGE: GET / with {} and HTTP headers {}
D, [2013-11-23T17:14:23.699255 #5204] DEBUG -- : REQUESTING PAGE: GET /signup with {} and HTTP headers {}
D, [2013-11-23T17:14:23.712385 #5204] DEBUG -- : REQUESTING PAGE: POST /users with {"utf8"=>"✓", "user"=>{"name"=>"", "email"=>"", "password"=>"", "password_confirmation"=>""}, "commit"=>"Sign up"} and HTTP headers {"HTTP_REFERER"=>"/signup"}
D, [2013-11-23T17:19:52.509729 #5272] DEBUG -- : REQUESTING PAGE: GET / with {} and HTTP headers {}
D, [2013-11-23T17:19:52.985644 #5272] DEBUG -- : REQUESTING PAGE: GET /signup with {} and HTTP headers {}
D, [2013-11-23T17:19:52.999118 #5272] DEBUG -- : REQUESTING PAGE: POST /users with {"utf8"=>"✓", "user"=>{"name"=>"", "email"=>"", "password"=>"", "password_confirmation"=>""}, "commit"=>"Sign up"} and HTTP headers {"HTTP_REFERER"=>"/signup"}
D, [2013-11-23T17:19:53.023001 #5272] DEBUG -- : REQUESTING PAGE: GET /signup with {} and HTTP headers {}
D, [2013-11-23T17:19:53.087211 #5272] DEBUG -- : REQUESTING PAGE: POST /users with {"utf8"=>"✓", "user"=>{"name"=>"Test", "email"=>"testemail@example.com", "password"=>"somepass", "password_confirmation"=>"somepass"}, "commit"=>"Sign up"} and HTTP headers {"HTTP_REFERER"=>"/signup"}
D, [2013-11-23T17:19:53.095855 #5272] DEBUG -- : REQUESTING PAGE: GET http://www.example.com/users/1 with {} and HTTP headers {"HTTP_REFERER"=>"/users"}
D, [2013-11-23T17:21:09.177409 #5287] DEBUG -- : REQUESTING PAGE: GET / with {} and HTTP headers {}
D, [2013-11-23T17:21:09.468121 #5287] DEBUG -- : REQUESTING PAGE: GET /signup with {} and HTTP headers {}
D, [2013-11-23T17:21:09.532369 #5287] DEBUG -- : REQUESTING PAGE: POST /users with {"utf8"=>"✓", "user"=>{"name"=>"", "email"=>"", "password"=>"", "password_confirmation"=>""}, "commit"=>"Sign up"} and HTTP headers {"HTTP_REFERER"=>"/signup"}
D, [2013-11-23T17:21:09.556694 #5287] DEBUG -- : REQUESTING PAGE: GET /signup with {} and HTTP headers {}
D, [2013-11-23T17:21:09.569622 #5287] DEBUG -- : REQUESTING PAGE: POST /users with {"utf8"=>"✓", "user"=>{"name"=>"Test", "email"=>"testemail1@example.com", "password"=>"somepass", "password_confirmation"=>"somepass"}, "commit"=>"Sign up"} and HTTP headers {"HTTP_REFERER"=>"/signup"}
D, [2013-11-23T17:21:09.577796 #5287] DEBUG -- : REQUESTING PAGE: GET http://www.example.com/users/1 with {} and HTTP headers {"HTTP_REFERER"=>"/users"}
D, [2013-11-23T17:21:40.592757 #5295] DEBUG -- : REQUESTING PAGE: GET /signup with {} and HTTP headers {}
D, [2013-11-23T17:21:40.630173 #5295] DEBUG -- : REQUESTING PAGE: POST /users with {"utf8"=>"✓", "user"=>{"name"=>"", "email"=>"", "password"=>"", "password_confirmation"=>""}, "commit"=>"Sign up"} and HTTP headers {"HTTP_REFERER"=>"/signup"}
D, [2013-11-23T17:21:40.653627 #5295] DEBUG -- : REQUESTING PAGE: GET /signup with {} and HTTP headers {}
D, [2013-11-23T17:21:40.666599 #5295] DEBUG -- : REQUESTING PAGE: POST /users with {"utf8"=>"✓", "user"=>{"name"=>"Test", "email"=>"testemail1@example.com", "password"=>"somepass", "password_confirmation"=>"somepass"}, "commit"=>"Sign up"} and HTTP headers {"HTTP_REFERER"=>"/signup"}
D, [2013-11-23T17:21:40.677318 #5295] DEBUG -- : REQUESTING PAGE: GET http://www.example.com/users/1 with {} and HTTP headers {"HTTP_REFERER"=>"/users"}
D, [2013-11-23T17:21:40.782985 #5295] DEBUG -- : REQUESTING PAGE: GET / with {} and HTTP headers {}
D, [2013-11-23T18:25:41.785849 #6399] DEBUG -- : REQUESTING PAGE: GET / with {} and HTTP headers {}
D, [2013-11-23T18:25:42.266623 #6399] DEBUG -- : REQUESTING PAGE: GET /signup with {} and HTTP headers {}
D, [2013-11-23T18:25:42.280352 #6399] DEBUG -- : REQUESTING PAGE: POST /users with {"utf8"=>"✓", "user"=>{"name"=>"", "email"=>"", "password"=>"", "password_confirmation"=>""}, "commit"=>"Sign up"} and HTTP headers {"HTTP_REFERER"=>"/signup"}
D, [2013-11-23T18:25:42.354857 #6399] DEBUG -- : REQUESTING PAGE: GET /signup with {} and HTTP headers {}
D, [2013-11-23T18:25:42.368473 #6399] DEBUG -- : REQUESTING PAGE: POST /users with {"utf8"=>"✓", "user"=>{"name"=>"Test", "email"=>"testemail1@example.com", "password"=>"somepass", "password_confirmation"=>"somepass"}, "commit"=>"Sign up"} and HTTP headers {"HTTP_REFERER"=>"/signup"}
D, [2013-11-23T18:25:42.376917 #6399] DEBUG -- : REQUESTING PAGE: GET http://www.example.com/users/1 with {} and HTTP headers {"HTTP_REFERER"=>"/users"}
D, [2013-11-23T20:58:03.605057 #14612] DEBUG -- : REQUESTING PAGE: GET /signup with {} and HTTP headers {}
D, [2013-11-23T20:58:03.729962 #14612] DEBUG -- : REQUESTING PAGE: POST /users with {"utf8"=>"✓", "user"=>{"name"=>"", "email"=>"", "password"=>"", "password_confirmation"=>""}, "commit"=>"Sign up"} and HTTP headers {"HTTP_REFERER"=>"/signup"}
D, [2013-11-23T20:58:03.763396 #14612] DEBUG -- : REQUESTING PAGE: GET /signup with {} and HTTP headers {}
D, [2013-11-23T20:58:03.777547 #14612] DEBUG -- : REQUESTING PAGE: POST /users with {"utf8"=>"✓", "user"=>{"name"=>"Test", "email"=>"testemail1@example.com", "password"=>"somepass", "password_confirmation"=>"somepass"}, "commit"=>"Sign up"} and HTTP headers {"HTTP_REFERER"=>"/signup"}
D, [2013-11-23T20:58:03.792003 #14612] DEBUG -- : REQUESTING PAGE: GET http://www.example.com/users/1 with {} and HTTP headers {"HTTP_REFERER"=>"/users"}
D, [2013-11-23T20:58:04.295081 #14612] DEBUG -- : REQUESTING PAGE: GET / with {} and HTTP headers {}
D, [2013-11-23T20:59:13.821302 #14624] DEBUG -- : REQUESTING PAGE: GET /signup with {} and HTTP headers {}
D, [2013-11-23T20:59:13.954093 #14624] DEBUG -- : REQUESTING PAGE: POST /users with {"utf8"=>"✓", "user"=>{"name"=>"", "email"=>"", "password"=>"", "password_confirmation"=>""}, "commit"=>"Sign up"} and HTTP headers {"HTTP_REFERER"=>"/signup"}
D, [2013-11-23T20:59:14.035821 #14624] DEBUG -- : REQUESTING PAGE: GET /signup with {} and HTTP headers {}
D, [2013-11-23T20:59:14.049107 #14624] DEBUG -- : REQUESTING PAGE: POST /users with {"utf8"=>"✓", "user"=>{"name"=>"Test", "email"=>"testemail1@example.com", "password"=>"somepass", "password_confirmation"=>"somepass"}, "commit"=>"Sign up"} and HTTP headers {"HTTP_REFERER"=>"/signup"}
D, [2013-11-23T20:59:14.062976 #14624] DEBUG -- : REQUESTING PAGE: GET http://www.example.com/users/1 with {} and HTTP headers {"HTTP_REFERER"=>"/users"}
D, [2013-11-23T20:59:14.567959 #14624] DEBUG -- : REQUESTING PAGE: GET / with {} and HTTP headers {}
D, [2013-11-23T21:01:10.585394 #14649] DEBUG -- : REQUESTING PAGE: GET / with {} and HTTP headers {}
D, [2013-11-23T21:01:10.963242 #14649] DEBUG -- : REQUESTING PAGE: GET /signup with {} and HTTP headers {}
D, [2013-11-23T21:01:11.027744 #14649] DEBUG -- : REQUESTING PAGE: POST /users with {"utf8"=>"✓", "user"=>{"name"=>"", "email"=>"", "password"=>"", "password_confirmation"=>""}, "commit"=>"Sign up"} and HTTP headers {"HTTP_REFERER"=>"/signup"}
D, [2013-11-23T21:01:11.052428 #14649] DEBUG -- : REQUESTING PAGE: GET /signup with {} and HTTP headers {}
D, [2013-11-23T21:01:11.065357 #14649] DEBUG -- : REQUESTING PAGE: POST /users with {"utf8"=>"✓", "user"=>{"name"=>"Test", "email"=>"testemail1@example.com", "password"=>"somepass", "password_confirmation"=>"somepass"}, "commit"=>"Sign up"} and HTTP headers {"HTTP_REFERER"=>"/signup"}
D, [2013-11-23T21:01:11.073218 #14649] DEBUG -- : REQUESTING PAGE: GET http://www.example.com/users/1 with {} and HTTP headers {"HTTP_REFERER"=>"/users"}
D, [2013-11-23T21:01:47.449674 #14659] DEBUG -- : REQUESTING PAGE: GET / with {} and HTTP headers {}
D, [2013-11-23T21:01:47.487114 #14659] DEBUG -- : REQUESTING PAGE: GET /signup with {} and HTTP headers {}
D, [2013-11-23T21:01:47.501376 #14659] DEBUG -- : REQUESTING PAGE: POST /users with {"utf8"=>"✓", "user"=>{"name"=>"", "email"=>"", "password"=>"", "password_confirmation"=>""}, "commit"=>"Sign up"} and HTTP headers {"HTTP_REFERER"=>"/signup"}
D, [2013-11-23T21:01:47.525891 #14659] DEBUG -- : REQUESTING PAGE: GET /signup with {} and HTTP headers {}
D, [2013-11-23T21:01:47.585978 #14659] DEBUG -- : REQUESTING PAGE: POST /users with {"utf8"=>"✓", "user"=>{"name"=>"Test", "email"=>"testemail1@example.com", "password"=>"somepass", "password_confirmation"=>"somepass"}, "commit"=>"Sign up"} and HTTP headers {"HTTP_REFERER"=>"/signup"}
D, [2013-11-23T21:01:47.595497 #14659] DEBUG -- : REQUESTING PAGE: GET http://www.example.com/users/1 with {} and HTTP headers {"HTTP_REFERER"=>"/users"}
D, [2013-11-23T21:03:51.746955 #14694] DEBUG -- : REQUESTING PAGE: GET /signup with {} and HTTP headers {}
D, [2013-11-23T21:03:51.783845 #14694] DEBUG -- : REQUESTING PAGE: POST /users with {"utf8"=>"✓", "user"=>{"name"=>"", "email"=>"", "password"=>"", "password_confirmation"=>""}, "commit"=>"Sign up"} and HTTP headers {"HTTP_REFERER"=>"/signup"}
D, [2013-11-23T21:03:51.857429 #14694] DEBUG -- : REQUESTING PAGE: GET /signup with {} and HTTP headers {}
D, [2013-11-23T21:03:51.871181 #14694] DEBUG -- : REQUESTING PAGE: POST /users with {"utf8"=>"✓", "user"=>{"name"=>"Test", "email"=>"testemail1@example.com", "password"=>"somepass", "password_confirmation"=>"somepass"}, "commit"=>"Sign up"} and HTTP headers {"HTTP_REFERER"=>"/signup"}
D, [2013-11-23T21:03:51.879678 #14694] DEBUG -- : REQUESTING PAGE: GET http://www.example.com/users/1 with {} and HTTP headers {"HTTP_REFERER"=>"/users"}
D, [2013-11-23T21:03:51.920119 #14694] DEBUG -- : REQUESTING PAGE: GET / with {} and HTTP headers {}
D, [2013-11-23T21:05:31.465480 #14730] DEBUG -- : REQUESTING PAGE: GET / with {} and HTTP headers {}
D, [2013-11-23T21:05:31.474481 #14730] DEBUG -- : REQUESTING PAGE: GET /signup with {} and HTTP headers {}
D, [2013-11-23T21:05:31.540524 #14730] DEBUG -- : REQUESTING PAGE: POST /users with {"utf8"=>"✓", "user"=>{"name"=>"", "email"=>"", "password"=>"", "password_confirmation"=>""}, "commit"=>"Sign up"} and HTTP headers {"HTTP_REFERER"=>"/signup"}
D, [2013-11-23T21:05:31.564656 #14730] DEBUG -- : REQUESTING PAGE: GET /signup with {} and HTTP headers {}
D, [2013-11-23T21:05:31.577782 #14730] DEBUG -- : REQUESTING PAGE: POST /users with {"utf8"=>"✓", "user"=>{"name"=>"Test", "email"=>"testemail1@example.com", "password"=>"somepass", "password_confirmation"=>"somepass"}, "commit"=>"Sign up"} and HTTP headers {"HTTP_REFERER"=>"/signup"}
D, [2013-11-23T21:05:31.585680 #14730] DEBUG -- : REQUESTING PAGE: GET http://www.example.com/users/1 with {} and HTTP headers {"HTTP_REFERER"=>"/users"}
D, [2013-11-23T21:06:39.121189 #14738] DEBUG -- : REQUESTING PAGE: GET / with {} and HTTP headers {}
D, [2013-11-23T21:06:39.130300 #14738] DEBUG -- : REQUESTING PAGE: GET /signup with {} and HTTP headers {}
D, [2013-11-23T21:06:39.195370 #14738] DEBUG -- : REQUESTING PAGE: POST /users with {"utf8"=>"✓", "user"=>{"name"=>"", "email"=>"", "password"=>"", "password_confirmation"=>""}, "commit"=>"Sign up"} and HTTP headers {"HTTP_REFERER"=>"/signup"}
D, [2013-11-23T21:06:39.219867 #14738] DEBUG -- : REQUESTING PAGE: GET /signup with {} and HTTP headers {}
D, [2013-11-23T21:06:39.233296 #14738] DEBUG -- : REQUESTING PAGE: POST /users with {"utf8"=>"✓", "user"=>{"name"=>"Test", "email"=>"testemail1@example.com", "password"=>"somepass", "password_confirmation"=>"somepass"}, "commit"=>"Sign up"} and HTTP headers {"HTTP_REFERER"=>"/signup"}
D, [2013-11-23T21:06:39.241239 #14738] DEBUG -- : REQUESTING PAGE: GET http://www.example.com/users/1 with {} and HTTP headers {"HTTP_REFERER"=>"/users"}
D, [2013-11-23T21:06:59.803783 #14752] DEBUG -- : REQUESTING PAGE: GET /signup with {} and HTTP headers {}
D, [2013-11-23T21:06:59.889452 #14752] DEBUG -- : REQUESTING PAGE: POST /users with {"utf8"=>"✓", "user"=>{"name"=>"", "email"=>"", "password"=>"", "password_confirmation"=>""}, "commit"=>"Sign up"} and HTTP headers {"HTTP_REFERER"=>"/signup"}
D, [2013-11-23T21:06:59.914510 #14752] DEBUG -- : REQUESTING PAGE: GET /signup with {} and HTTP headers {}
D, [2013-11-23T21:06:59.927679 #14752] DEBUG -- : REQUESTING PAGE: POST /users with {"utf8"=>"✓", "user"=>{"name"=>"Test", "email"=>"testemail1@example.com", "password"=>"somepass", "password_confirmation"=>"somepass"}, "commit"=>"Sign up"} and HTTP headers {"HTTP_REFERER"=>"/signup"}
D, [2013-11-23T21:06:59.936328 #14752] DEBUG -- : REQUESTING PAGE: GET http://www.example.com/users/1 with {} and HTTP headers {"HTTP_REFERER"=>"/users"}
D, [2013-11-23T21:07:00.065555 #14752] DEBUG -- : REQUESTING PAGE: GET / with {} and HTTP headers {}
D, [2013-11-23T21:09:00.952259 #14769] DEBUG -- : REQUESTING PAGE: GET / with {} and HTTP headers {}
D, [2013-11-23T21:09:00.961815 #14769] DEBUG -- : REQUESTING PAGE: GET /signup with {} and HTTP headers {}
D, [2013-11-23T21:09:01.026499 #14769] DEBUG -- : REQUESTING PAGE: POST /users with {"utf8"=>"✓", "user"=>{"name"=>"", "email"=>"", "password"=>"", "password_confirmation"=>""}, "commit"=>"Sign up"} and HTTP headers {"HTTP_REFERER"=>"/signup"}
D, [2013-11-23T21:09:01.052708 #14769] DEBUG -- : REQUESTING PAGE: GET /signup with {} and HTTP headers {}
D, [2013-11-23T21:09:01.065698 #14769] DEBUG -- : REQUESTING PAGE: POST /users with {"utf8"=>"✓", "user"=>{"name"=>"Test", "email"=>"testemail1@example.com", "password"=>"somepass", "password_confirmation"=>"somepass"}, "commit"=>"Sign up"} and HTTP headers {"HTTP_REFERER"=>"/signup"}
D, [2013-11-23T21:09:01.073773 #14769] DEBUG -- : REQUESTING PAGE: GET http://www.example.com/users/1 with {} and HTTP headers {"HTTP_REFERER"=>"/users"}
D, [2013-11-23T21:12:57.140541 #14831] DEBUG -- : REQUESTING PAGE: GET /signup with {} and HTTP headers {}
D, [2013-11-23T21:12:57.255468 #14831] DEBUG -- : REQUESTING PAGE: POST /users with {"utf8"=>"✓", "user"=>{"name"=>"", "email"=>"", "password"=>"", "password_confirmation"=>""}, "commit"=>"Sign up"} and HTTP headers {"HTTP_REFERER"=>"/signup"}
D, [2013-11-23T21:12:57.288111 #14831] DEBUG -- : REQUESTING PAGE: GET /signup with {} and HTTP headers {}
D, [2013-11-23T21:12:57.301549 #14831] DEBUG -- : REQUESTING PAGE: POST /users with {"utf8"=>"✓", "user"=>{"name"=>"Test", "email"=>"testemail1@example.com", "password"=>"somepass", "password_confirmation"=>"somepass"}, "commit"=>"Sign up"} and HTTP headers {"HTTP_REFERER"=>"/signup"}
D, [2013-11-23T21:12:57.315913 #14831] DEBUG -- : REQUESTING PAGE: GET http://www.example.com/users/1 with {} and HTTP headers {"HTTP_REFERER"=>"/users"}
D, [2013-11-23T21:12:57.809592 #14831] DEBUG -- : REQUESTING PAGE: GET / with {} and HTTP headers {}
D, [2013-11-23T22:08:26.087827 #15624] DEBUG -- : REQUESTING PAGE: GET / with {} and HTTP headers {}
D, [2013-11-23T22:08:26.218852 #15624] DEBUG -- : REQUESTING PAGE: GET /signup with {} and HTTP headers {}
D, [2013-11-23T22:08:26.232675 #15624] DEBUG -- : REQUESTING PAGE: POST /users with {"utf8"=>"✓", "user"=>{"name"=>"", "email"=>"", "password"=>"", "password_confirmation"=>""}, "commit"=>"Sign up"} and HTTP headers {"HTTP_REFERER"=>"/signup"}
D, [2013-11-23T22:08:26.256144 #15624] DEBUG -- : REQUESTING PAGE: GET /signup with {} and HTTP headers {}
D, [2013-11-23T22:08:26.268893 #15624] DEBUG -- : REQUESTING PAGE: POST /users with {"utf8"=>"✓", "user"=>{"name"=>"Test", "email"=>"testemail1@example.com", "password"=>"somepass", "password_confirmation"=>"somepass"}, "commit"=>"Sign up"} and HTTP headers {"HTTP_REFERER"=>"/signup"}
D, [2013-11-23T22:08:26.276719 #15624] DEBUG -- : REQUESTING PAGE: GET http://www.example.com/users/1 with {} and HTTP headers {"HTTP_REFERER"=>"/users"}
D, [2013-11-23T22:11:49.151590 #15669] DEBUG -- : REQUESTING PAGE: GET / with {} and HTTP headers {}
D, [2013-11-23T22:11:49.592442 #15669] DEBUG -- : REQUESTING PAGE: GET /signup with {} and HTTP headers {}
D, [2013-11-23T22:11:49.606392 #15669] DEBUG -- : REQUESTING PAGE: POST /users with {"utf8"=>"✓", "user"=>{"name"=>"", "email"=>"", "password"=>"", "password_confirmation"=>""}, "commit"=>"Sign up"} and HTTP headers {"HTTP_REFERER"=>"/signup"}
D, [2013-11-23T22:11:49.630077 #15669] DEBUG -- : REQUESTING PAGE: GET /signup with {} and HTTP headers {}
D, [2013-11-23T22:11:49.643028 #15669] DEBUG -- : REQUESTING PAGE: POST /users with {"utf8"=>"✓", "user"=>{"name"=>"Test", "email"=>"testemail1@example.com", "password"=>"somepass", "password_confirmation"=>"somepass"}, "commit"=>"Sign up"} and HTTP headers {"HTTP_REFERER"=>"/signup"}
D, [2013-11-23T22:11:49.651250 #15669] DEBUG -- : REQUESTING PAGE: GET http://www.example.com/users/1 with {} and HTTP headers {"HTTP_REFERER"=>"/users"}
D, [2013-11-23T22:17:06.986405 #15799] DEBUG -- : REQUESTING PAGE: GET /signup with {} and HTTP headers {}
D, [2013-11-23T22:17:07.121851 #15799] DEBUG -- : REQUESTING PAGE: POST /users with {"utf8"=>"✓", "user"=>{"name"=>"", "email"=>"", "password"=>"", "password_confirmation"=>""}, "commit"=>"Sign up"} and HTTP headers {"HTTP_REFERER"=>"/signup"}
D, [2013-11-23T22:17:07.202964 #15799] DEBUG -- : REQUESTING PAGE: GET /signup with {} and HTTP headers {}
D, [2013-11-23T22:17:07.216425 #15799] DEBUG -- : REQUESTING PAGE: POST /users with {"utf8"=>"✓", "user"=>{"name"=>"Test", "email"=>"testemail1@example.com", "password"=>"somepass", "password_confirmation"=>"somepass"}, "commit"=>"Sign up"} and HTTP headers {"HTTP_REFERER"=>"/signup"}
D, [2013-11-23T22:17:07.231074 #15799] DEBUG -- : REQUESTING PAGE: GET http://www.example.com/users/1 with {} and HTTP headers {"HTTP_REFERER"=>"/users"}
D, [2013-11-23T22:17:07.287820 #15799] DEBUG -- : REQUESTING PAGE: GET / with {} and HTTP headers {}
D, [2013-11-23T22:17:20.045995 #15802] DEBUG -- : REQUESTING PAGE: GET /signup with {} and HTTP headers {}
D, [2013-11-23T22:17:20.090958 #15802] DEBUG -- : REQUESTING PAGE: POST /users with {"utf8"=>"✓", "user"=>{"name"=>"", "email"=>"", "password"=>"", "password_confirmation"=>""}, "commit"=>"Sign up"} and HTTP headers {"HTTP_REFERER"=>"/signup"}
D, [2013-11-23T22:17:20.165570 #15802] DEBUG -- : REQUESTING PAGE: GET /signup with {} and HTTP headers {}
D, [2013-11-23T22:17:20.179408 #15802] DEBUG -- : REQUESTING PAGE: POST /users with {"utf8"=>"✓", "user"=>{"name"=>"Test", "email"=>"testemail1@example.com", "password"=>"somepass", "password_confirmation"=>"somepass"}, "commit"=>"Sign up"} and HTTP headers {"HTTP_REFERER"=>"/signup"}
D, [2013-11-23T22:17:20.187891 #15802] DEBUG -- : REQUESTING PAGE: GET http://www.example.com/users/1 with {} and HTTP headers {"HTTP_REFERER"=>"/users"}
D, [2013-11-23T22:17:20.250748 #15802] DEBUG -- : REQUESTING PAGE: GET / with {} and HTTP headers {}
D, [2013-11-23T22:19:27.887538 #15839] DEBUG -- : REQUESTING PAGE: GET / with {} and HTTP headers {}
D, [2013-11-23T22:19:28.161262 #15839] DEBUG -- : REQUESTING PAGE: GET /signup with {} and HTTP headers {}
D, [2013-11-23T22:19:28.174769 #15839] DEBUG -- : REQUESTING PAGE: POST /users with {"utf8"=>"✓", "user"=>{"name"=>"", "email"=>"", "password"=>"", "password_confirmation"=>""}, "commit"=>"Sign up"} and HTTP headers {"HTTP_REFERER"=>"/signup"}
D, [2013-11-23T22:19:28.198059 #15839] DEBUG -- : REQUESTING PAGE: GET /signup with {} and HTTP headers {}
D, [2013-11-23T22:19:28.211879 #15839] DEBUG -- : REQUESTING PAGE: POST /users with {"utf8"=>"✓", "user"=>{"name"=>"Test", "email"=>"testemail1@example.com", "password"=>"somepass", "password_confirmation"=>"somepass"}, "commit"=>"Sign up"} and HTTP headers {"HTTP_REFERER"=>"/signup"}
D, [2013-11-23T22:19:28.220007 #15839] DEBUG -- : REQUESTING PAGE: GET http://www.example.com/users/1 with {} and HTTP headers {"HTTP_REFERER"=>"/users"}
D, [2013-11-24T10:16:35.133603 #3381] DEBUG -- : REQUESTING PAGE: GET /signup with {} and HTTP headers {}
D, [2013-11-24T10:16:35.279627 #3381] DEBUG -- : REQUESTING PAGE: POST /users with {"utf8"=>"✓", "user"=>{"name"=>"", "email"=>"", "password"=>"", "password_confirmation"=>""}, "commit"=>"Sign up"} and HTTP headers {"HTTP_REFERER"=>"/signup"}
D, [2013-11-24T10:16:35.304303 #3381] DEBUG -- : REQUESTING PAGE: GET /signup with {} and HTTP headers {}
D, [2013-11-24T10:16:35.317595 #3381] DEBUG -- : REQUESTING PAGE: POST /users with {"utf8"=>"✓", "user"=>{"name"=>"Test", "email"=>"testemail1@example.com", "password"=>"somepass", "password_confirmation"=>"somepass"}, "commit"=>"Sign up"} and HTTP headers {"HTTP_REFERER"=>"/signup"}
D, [2013-11-24T10:16:35.325532 #3381] DEBUG -- : REQUESTING PAGE: GET http://www.example.com/users/1 with {} and HTTP headers {"HTTP_REFERER"=>"/users"}
D, [2013-11-24T10:16:35.353366 #3381] DEBUG -- : REQUESTING PAGE: GET / with {} and HTTP headers {}
D, [2013-11-24T10:25:32.965263 #3867] DEBUG -- : REQUESTING PAGE: GET / with {} and HTTP headers {}
D, [2013-11-24T10:25:33.098952 #3867] DEBUG -- : REQUESTING PAGE: GET /signup with {} and HTTP headers {}
D, [2013-11-24T10:25:33.113429 #3867] DEBUG -- : REQUESTING PAGE: POST /users with {"utf8"=>"✓", "user"=>{"name"=>"", "email"=>"", "password"=>"", "password_confirmation"=>""}, "commit"=>"Sign up"} and HTTP headers {"HTTP_REFERER"=>"/signup"}
D, [2013-11-24T10:25:33.191826 #3867] DEBUG -- : REQUESTING PAGE: GET /signup with {} and HTTP headers {}
D, [2013-11-24T10:25:33.205597 #3867] DEBUG -- : REQUESTING PAGE: POST /users with {"utf8"=>"✓", "user"=>{"name"=>"Test", "email"=>"testemail1@example.com", "password"=>"somepass", "password_confirmation"=>"somepass"}, "commit"=>"Sign up"} and HTTP headers {"HTTP_REFERER"=>"/signup"}
D, [2013-11-24T10:25:33.220381 #3867] DEBUG -- : REQUESTING PAGE: GET http://www.example.com/users/1 with {} and HTTP headers {"HTTP_REFERER"=>"/users"}
D, [2013-11-24T10:26:07.414665 #3873] DEBUG -- : REQUESTING PAGE: GET / with {} and HTTP headers {}
D, [2013-11-24T10:26:07.500170 #3873] DEBUG -- : REQUESTING PAGE: GET /signup with {} and HTTP headers {}
D, [2013-11-24T10:26:07.513559 #3873] DEBUG -- : REQUESTING PAGE: POST /users with {"utf8"=>"✓", "user"=>{"name"=>"", "email"=>"", "password"=>"", "password_confirmation"=>""}, "commit"=>"Sign up"} and HTTP headers {"HTTP_REFERER"=>"/signup"}
D, [2013-11-24T10:26:07.536857 #3873] DEBUG -- : REQUESTING PAGE: GET /signup with {} and HTTP headers {}
D, [2013-11-24T10:26:07.549683 #3873] DEBUG -- : REQUESTING PAGE: POST /users with {"utf8"=>"✓", "user"=>{"name"=>"Test", "email"=>"testemail1@example.com", "password"=>"somepass", "password_confirmation"=>"somepass"}, "commit"=>"Sign up"} and HTTP headers {"HTTP_REFERER"=>"/signup"}
D, [2013-11-24T10:26:07.557726 #3873] DEBUG -- : REQUESTING PAGE: GET http://www.example.com/users/1 with {} and HTTP headers {"HTTP_REFERER"=>"/users"}
D, [2013-11-24T10:42:53.998329 #4327] DEBUG -- : REQUESTING PAGE: GET / with {} and HTTP headers {}
D, [2013-11-24T10:42:54.075863 #4327] DEBUG -- : REQUESTING PAGE: GET /signup with {} and HTTP headers {}
D, [2013-11-24T10:42:54.090313 #4327] DEBUG -- : REQUESTING PAGE: POST /users with {"utf8"=>"✓", "user"=>{"name"=>"", "email"=>"", "password"=>"", "password_confirmation"=>""}, "commit"=>"Sign up"} and HTTP headers {"HTTP_REFERER"=>"/signup"}
D, [2013-11-24T10:42:54.114909 #4327] DEBUG -- : REQUESTING PAGE: GET /signup with {} and HTTP headers {}
D, [2013-11-24T10:42:54.127917 #4327] DEBUG -- : REQUESTING PAGE: POST /users with {"utf8"=>"✓", "user"=>{"name"=>"Test", "email"=>"testemail1@example.com", "password"=>"somepass", "password_confirmation"=>"somepass"}, "commit"=>"Sign up"} and HTTP headers {"HTTP_REFERER"=>"/signup"}
D, [2013-11-24T10:42:54.135737 #4327] DEBUG -- : REQUESTING PAGE: GET http://www.example.com/users/1 with {} and HTTP headers {"HTTP_REFERER"=>"/users"}
D, [2013-11-24T10:44:16.161441 #4343] DEBUG -- : REQUESTING PAGE: GET /signup with {} and HTTP headers {}
D, [2013-11-24T10:44:16.253814 #4343] DEBUG -- : REQUESTING PAGE: POST /users with {"utf8"=>"✓", "user"=>{"name"=>"", "email"=>"", "password"=>"", "password_confirmation"=>""}, "commit"=>"Sign up"} and HTTP headers {"HTTP_REFERER"=>"/signup"}
D, [2013-11-24T10:44:16.332061 #4343] DEBUG -- : REQUESTING PAGE: GET /signup with {} and HTTP headers {}
D, [2013-11-24T10:44:16.345082 #4343] DEBUG -- : REQUESTING PAGE: POST /users with {"utf8"=>"✓", "user"=>{"name"=>"Test", "email"=>"testemail1@example.com", "password"=>"somepass", "password_confirmation"=>"somepass"}, "commit"=>"Sign up"} and HTTP headers {"HTTP_REFERER"=>"/signup"}
D, [2013-11-24T10:44:16.359293 #4343] DEBUG -- : REQUESTING PAGE: GET http://www.example.com/users/1 with {} and HTTP headers {"HTTP_REFERER"=>"/users"}
D, [2013-11-24T10:44:16.904112 #4343] DEBUG -- : REQUESTING PAGE: GET / with {} and HTTP headers {}
D, [2013-11-24T10:53:52.468846 #4394] DEBUG -- : REQUESTING PAGE: GET / with {} and HTTP headers {}
D, [2013-11-24T10:53:53.057848 #4394] DEBUG -- : REQUESTING PAGE: GET /signup with {} and HTTP headers {}
D, [2013-11-24T10:53:53.071809 #4394] DEBUG -- : REQUESTING PAGE: POST /users with {"utf8"=>"✓", "user"=>{"name"=>"", "email"=>"", "password"=>"", "password_confirmation"=>""}, "commit"=>"Sign up"} and HTTP headers {"HTTP_REFERER"=>"/signup"}
D, [2013-11-24T10:53:53.095540 #4394] DEBUG -- : REQUESTING PAGE: GET /signup with {} and HTTP headers {}
D, [2013-11-24T10:53:53.109323 #4394] DEBUG -- : REQUESTING PAGE: POST /users with {"utf8"=>"✓", "user"=>{"name"=>"Test", "email"=>"testemail1@example.com", "password"=>"somepass", "password_confirmation"=>"somepass"}, "commit"=>"Sign up"} and HTTP headers {"HTTP_REFERER"=>"/signup"}
D, [2013-11-24T10:53:53.117741 #4394] DEBUG -- : REQUESTING PAGE: GET http://www.example.com/users/1 with {} and HTTP headers {"HTTP_REFERER"=>"/users"}
D, [2013-11-24T10:55:30.083363 #4413] DEBUG -- : REQUESTING PAGE: GET / with {} and HTTP headers {}
D, [2013-11-24T10:55:30.174765 #4413] DEBUG -- : REQUESTING PAGE: GET /signup with {} and HTTP headers {}
D, [2013-11-24T10:55:30.188572 #4413] DEBUG -- : REQUESTING PAGE: POST /users with {"utf8"=>"✓", "user"=>{"name"=>"", "email"=>"", "password"=>"", "password_confirmation"=>""}, "commit"=>"Sign up"} and HTTP headers {"HTTP_REFERER"=>"/signup"}
D, [2013-11-24T10:55:30.212137 #4413] DEBUG -- : REQUESTING PAGE: GET /signup with {} and HTTP headers {}
D, [2013-11-24T10:55:30.224971 #4413] DEBUG -- : REQUESTING PAGE: POST /users with {"utf8"=>"✓", "user"=>{"name"=>"Test", "email"=>"testemail1@example.com", "password"=>"somepass", "password_confirmation"=>"somepass"}, "commit"=>"Sign up"} and HTTP headers {"HTTP_REFERER"=>"/signup"}
D, [2013-11-24T10:55:30.233225 #4413] DEBUG -- : REQUESTING PAGE: GET http://www.example.com/users/1 with {} and HTTP headers {"HTTP_REFERER"=>"/users"}
D, [2013-11-24T10:58:27.352769 #4470] DEBUG -- : REQUESTING PAGE: GET /signup with {} and HTTP headers {}
D, [2013-11-24T10:58:27.444790 #4470] DEBUG -- : REQUESTING PAGE: POST /users with {"utf8"=>"✓", "user"=>{"name"=>"", "email"=>"", "password"=>"", "password_confirmation"=>""}, "commit"=>"Sign up"} and HTTP headers {"HTTP_REFERER"=>"/signup"}
D, [2013-11-24T10:58:27.522751 #4470] DEBUG -- : REQUESTING PAGE: GET /signup with {} and HTTP headers {}
D, [2013-11-24T10:58:27.536302 #4470] DEBUG -- : REQUESTING PAGE: POST /users with {"utf8"=>"✓", "user"=>{"name"=>"Test", "email"=>"testemail1@example.com", "password"=>"somepass", "password_confirmation"=>"somepass"}, "commit"=>"Sign up"} and HTTP headers {"HTTP_REFERER"=>"/signup"}
D, [2013-11-24T10:58:27.550496 #4470] DEBUG -- : REQUESTING PAGE: GET http://www.example.com/users/1 with {} and HTTP headers {"HTTP_REFERER"=>"/users"}
D, [2013-11-24T10:58:27.894402 #4470] DEBUG -- : REQUESTING PAGE: GET / with {} and HTTP headers {}
D, [2013-11-24T10:58:40.048145 #4477] DEBUG -- : REQUESTING PAGE: GET /signup with {} and HTTP headers {}
D, [2013-11-24T10:58:40.138392 #4477] DEBUG -- : REQUESTING PAGE: POST /users with {"utf8"=>"✓", "user"=>{"name"=>"", "email"=>"", "password"=>"", "password_confirmation"=>""}, "commit"=>"Sign up"} and HTTP headers {"HTTP_REFERER"=>"/signup"}
D, [2013-11-24T10:58:40.214891 #4477] DEBUG -- : REQUESTING PAGE: GET /signup with {} and HTTP headers {}
D, [2013-11-24T10:58:40.227848 #4477] DEBUG -- : REQUESTING PAGE: POST /users with {"utf8"=>"✓", "user"=>{"name"=>"Test", "email"=>"testemail1@example.com", "password"=>"somepass", "password_confirmation"=>"somepass"}, "commit"=>"Sign up"} and HTTP headers {"HTTP_REFERER"=>"/signup"}
D, [2013-11-24T10:58:40.241660 #4477] DEBUG -- : REQUESTING PAGE: GET http://www.example.com/users/1 with {} and HTTP headers {"HTTP_REFERER"=>"/users"}
D, [2013-11-24T10:58:40.681652 #4477] DEBUG -- : REQUESTING PAGE: GET / with {} and HTTP headers {}
